Phát triển API cho ứng dụng mới - Case: 30 - Lưu thành công Phát triển API cho ứng dụng mới
Phát triển API cho ứng dụng mới - Case: 30 - Cập nhật thành công Phát triển API cho ứng dụng mới
Hợp đồng tích hợp hệ thống ERP - Case: 31 - Lưu thành công Hợp đồng tích hợp hệ thống ERP
Hợp đồng tích hợp hệ thống ERP - Case: 31 - Cập nhật thành công Hợp đồng tích hợp hệ thống ERP
Hợp đồng cung cấp dịch vụ dữ liệu - Case: 36 - Lưu thành công Hợp đồng cung cấp dịch vụ dữ liệu
Hợp đồng cung cấp dịch vụ dữ liệu - Case: 36 - Cập nhật thành công Hợp đồng cung cấp dịch vụ dữ liệu
Phát triển API cho ứng dụng mới - Case: 30 - Lưu thành công Phát triển API cho ứng dụng mới
Phát triển API cho ứng dụng mới - Case: 30 - Cập nhật thành công Phát triển API cho ứng dụng mới
Hợp đồng tích hợp hệ thống ERP - Case: 31 - Lưu thành công Hợp đồng tích hợp hệ thống ERP
Hợp đồng tích hợp hệ thống ERP - Case: 31 - Cập nhật thành công Hợp đồng tích hợp hệ thống ERP
Hợp đồng cung cấp dịch vụ dữ liệu - Case: 36 - Lưu thành công Hợp đồng cung cấp dịch vụ dữ liệu
Hợp đồng cung cấp dịch vụ dữ liệu - Case: 36 - Cập nhật thành công Hợp đồng cung cấp dịch vụ dữ liệu
Hợp đồng tích hợp hệ thống ERP - Case: 31 - Lưu thành công Hợp đồng tích hợp hệ thống ERP
Hợp đồng tích hợp hệ thống ERP - Case: 31 - Cập nhật thành công Hợp đồng tích hợp hệ thống ERP
Hợp đồng cung cấp dịch vụ dữ liệu - Case: 36 - Lưu thành công Hợp đồng cung cấp dịch vụ dữ liệu
Hợp đồng cung cấp dịch vụ dữ liệu - Case: 36 - Cập nhật thành công Hợp đồng cung cấp dịch vụ dữ liệu
Phát triển API cho ứng dụng mới - Case: 30 - Lưu thành công Phát triển API cho ứng dụng mới
Phát triển API cho ứng dụng mới - Case: 30 - Cập nhật thành công Phát triển API cho ứng dụng mới
Hợp đồng tích hợp hệ thống ERP - Case: 31 - Lưu thành công Hợp đồng tích hợp hệ thống ERP
Hợp đồng tích hợp hệ thống ERP - Case: 31 - Cập nhật thành công Hợp đồng tích hợp hệ thống ERP
Hợp đồng sản xuất theo đơn đặt hàng - Case: 4 - Lưu thành công Hợp đồng sản xuất theo đơn đặt hàng
Hợp đồng sản xuất theo đơn đặt hàng - Case: 4 - Cập nhật thành công Hợp đồng sản xuất theo đơn đặt hàng
Hợp đồng sản xuất và bảo trì - Case: 5 - Lưu thành công Hợp đồng sản xuất và bảo trì
Hợp đồng sản xuất và bảo trì - Case: 5 - Cập nhật thành công Hợp đồng sản xuất và bảo trì
Hợp đồng sản xuất với đối tác nước ngoài - Case: 3 - Lưu thành công Hợp đồng sản xuất với đối tác nước ngoài
Hợp đồng sản xuất với đối tác nước ngoài - Case: 3 - Cập nhật thành công Hợp đồng sản xuất với đối tác nước ngoài
Hợp đồng sản xuất với đối tác nước ngoài - Case: 3 - Lưu thành công Hợp đồng sản xuất với đối tác nước ngoài
Hợp đồng sản xuất với đối tác nước ngoài - Case: 3 - Cập nhật thành công Hợp đồng sản xuất với đối tác nước ngoài
Hợp đồng sản xuất với đối tác nước ngoài - Case: 3 - Lưu thành công Hợp đồng sản xuất với đối tác nước ngoài
Hợp đồng sản xuất với đối tác nước ngoài - Case: 3 - Cập nhật thành công Hợp đồng sản xuất với đối tác nước ngoài
Thêm nhân sự cho 'jobcard_name' thành công
Thêm đầu mục Tạo hợp đồng thành công cho 'Hợp đồng sản xuất với đối tác nước ngoài'
Hợp đồng sản xuất theo đơn đặt hàng - Case: 4 - Lưu thành công Hợp đồng sản xuất theo đơn đặt hàng
Hợp đồng sản xuất theo đơn đặt hàng - Case: 4 - Cập nhật thành công Hợp đồng sản xuất theo đơn đặt hàng
Thêm nhân sự cho 'jobcard_name' thành công
Thêm đầu mục Tạo hợp đồng thành công cho 'Hợp đồng sản xuất theo đơn đặt hàng'
Thêm đầu mục Duyệt hợp đồng thành công cho 'Hợp đồng sản xuất theo đơn đặt hàng'
Hợp đồng sản xuất và bảo trì - Case: 5 - Lưu thành công Hợp đồng sản xuất và bảo trì
Hợp đồng sản xuất và bảo trì - Case: 5 - Cập nhật thành công Hợp đồng sản xuất và bảo trì
Thêm nhân sự cho 'jobcard_name' thành công
Thêm đầu mục Tạo hợp đồng thành công cho 'Hợp đồng sản xuất và bảo trì'
Thêm đầu mục Duyệt hợp đồng thành công cho 'Hợp đồng sản xuất và bảo trì'
